<?xml version="1.0" encoding="UTF-8"?>
<!DOCTYPE suite SYSTEM "http://testng.org/testng-1.0.dtd">
<suite name="Getters and Setters Tests">
    <test name="ManTests">
        <classes>
            <class name="ManWoman.ManGetSetTest"/>
        </classes>
    </test>
    <test name="WomanTests">
        <classes>
            <class name="ManWoman.WomanGetSetTest"/>
        </classes>
    </test>
</suite>