<?xml version="1.0" encoding="UTF-8"?>
<!DOCTYPE suite SYSTEM "http://testng.org/testng-1.0.dtd">
<suite name="All Tests">
    <test name="ManTests">
        <classes>
            <class name="ManWoman.ManTests"/>
        </classes>
    </test>
    <test name="WomanTests">
        <classes>
            <class name="ManWoman.WomanTests"/>
        </classes>
    </test>
</suite>